timestamp: 2014-02-27T01:34:08.278575
CREATE TABLE auth_user(
    id INTEGER PRIMARY KEY AUTOINCREMENT,
    username CHAR(512),
    first_name CHAR(512),
    last_name CHAR(512),
    email CHAR(512),
    password CHAR(512),
    created_on TIMESTAMP,
    modified_on TIMESTAMP,
    registration_key CHAR(512),
    reset_password_key CHAR(512),
    registration_id CHAR(512)
);
success!
timestamp: 2014-02-27T01:34:08.431783
CREATE TABLE auth_group(
    id INTEGER PRIMARY KEY AUTOINCREMENT,
    role CHAR(512),
    description TEXT
);
success!
timestamp: 2014-02-27T01:34:08.577795
CREATE TABLE auth_membership(
    id INTEGER PRIMARY KEY AUTOINCREMENT,
    user_id INTEGER REFERENCES auth_user(id) ON DELETE CASCADE,
    group_id INTEGER REFERENCES auth_group(id) ON DELETE CASCADE
);
success!
timestamp: 2014-02-27T01:34:08.746287
CREATE TABLE auth_permission(
    id INTEGER PRIMARY KEY AUTOINCREMENT,
    group_id INTEGER REFERENCES auth_group(id) ON DELETE CASCADE,
    name CHAR(512),
    table_name CHAR(512),
    record_id INTEGER
);
success!
timestamp: 2014-02-27T01:34:08.936386
CREATE TABLE auth_event(
    id INTEGER PRIMARY KEY AUTOINCREMENT,
    time_stamp TIMESTAMP,
    client_ip CHAR(512),
    user_id INTEGER REFERENCES auth_user(id) ON DELETE CASCADE,
    origin CHAR(512),
    description TEXT
);
success!
timestamp: 2014-02-27T01:34:09.259255
CREATE TABLE auth_cas(
    id INTEGER PRIMARY KEY AUTOINCREMENT,
    user_id INTEGER REFERENCES auth_user(id) ON DELETE CASCADE,
    created_on TIMESTAMP,
    service CHAR(512),
    ticket CHAR(512),
    renew CHAR(1)
);
success!
timestamp: 2014-02-27T18:00:28.300829
CREATE TABLE doctors(
    id INTEGER PRIMARY KEY AUTOINCREMENT,
    name CHAR(512),
    locality CHAR(512)
);
success!
timestamp: 2014-02-27T18:00:28.516601
CREATE TABLE comments(
    id INTEGER PRIMARY KEY AUTOINCREMENT,
    doctor_id INTEGER REFERENCES doctors(id) ON DELETE CASCADE,
    author CHAR(512),
    body TEXT
);
success!
timestamp: 2014-02-27T19:10:38.431098
ALTER TABLE doctors ADD specialization CHAR(512);
timestamp: 2014-02-28T00:38:36.867250
CREATE TABLE images(
    id INTEGER PRIMARY KEY AUTOINCREMENT,
    doctor_id INTEGER REFERENCES doctors(id) ON DELETE CASCADE,
    file CHAR(512)
);
success!
